Log file open, 08/11/20 23:34:01
LogWindows: Failed to load 'aqProf.dll' (GetLastError=126)
LogWindows: File 'aqProf.dll' does not exist
LogWindows: Failed to load 'VtuneApi.dll' (GetLastError=126)
LogWindows: File 'VtuneApi.dll' does not exist
LogWindows: Failed to load 'VtuneApi32e.dll' (GetLastError=126)
LogWindows: File 'VtuneApi32e.dll' does not exist
LogConsoleResponse: Display: Failed to find resolution value strings in scalability ini. Falling back to default.
LogInit: Display: Running engine for game: Darchangel
LogPlatformFile: Not using cached read wrapper
LogTaskGraph: Started task graph with 5 named threads and 35 total threads with 3 sets of task threads.
LogStats: Stats thread started at 0.068947
LogD3D11RHI: Loaded GFSDK_Aftermath_Lib.x64.dll
LogICUInternationalization: ICU TimeZone Detection - Raw Offset: +8:00, Platform Override: ''
LogPluginManager: Mounting plugin Paper2D
LogPluginManager: Mounting plugin AISupport
LogPluginManager: Mounting plugin LightPropagationVolume
LogPluginManager: Mounting plugin ActorLayerUtilities
LogPluginManager: Mounting plugin AnimationSharing
LogPluginManager: Mounting plugin CLionSourceCodeAccess
LogPluginManager: Mounting plugin CodeLiteSourceCodeAccess
LogPluginManager: Mounting plugin GitSourceControl
LogPluginManager: Mounting plugin KDevelopSourceCodeAccess
LogPluginManager: Mounting plugin NullSourceCodeAccess
LogPluginManager: Mounting plugin PerforceSourceControl
LogPluginManager: Mounting plugin PlasticSourceControl
LogPluginManager: Mounting plugin SubversionSourceControl
LogPluginManager: Mounting plugin UObjectPlugin
LogPluginManager: Mounting plugin VisualStudioCodeSourceCodeAccess
LogPluginManager: Mounting plugin VisualStudioSourceCodeAccess
LogPluginManager: Mounting plugin XCodeSourceCodeAccess
LogPluginManager: Mounting plugin AssetManagerEditor
LogPluginManager: Mounting plugin CryptoKeys
LogPluginManager: Mounting plugin CurveEditorTools
LogPluginManager: Mounting plugin DataValidation
LogPluginManager: Mounting plugin FacialAnimation
LogPluginManager: Mounting plugin GameplayTagsEditor
LogPluginManager: Mounting plugin MacGraphicsSwitching
LogPluginManager: Mounting plugin MaterialAnalyzer
LogPluginManager: Mounting plugin MobileLauncherProfileWizard
LogPluginManager: Mounting plugin PluginBrowser
LogPluginManager: Mounting plugin SpeedTreeImporter
LogPluginManager: Mounting plugin DatasmithContent
LogPluginManager: Mounting plugin VariantManagerContent
LogPluginManager: Mounting plugin AlembicImporter
LogPluginManager: Mounting plugin AutomationUtils
LogPluginManager: Mounting plugin BackChannel
LogPluginManager: Mounting plugin CharacterAI
LogPluginManager: Mounting plugin GeometryCache
LogPluginManager: Mounting plugin PlatformCrypto
LogPluginManager: Mounting plugin ProxyLODPlugin
LogPluginManager: Mounting plugin SkeletalReduction
LogPluginManager: Mounting plugin MagicLeap
LogPluginManager: Mounting plugin MagicLeapMedia
LogPluginManager: Mounting plugin MLSDK
LogPluginManager: Mounting plugin AndroidMedia
LogPluginManager: Mounting plugin AvfMedia
LogPluginManager: Mounting plugin ImgMedia
LogPluginManager: Mounting plugin MediaCompositing
LogPluginManager: Mounting plugin MediaPlayerEditor
LogPluginManager: Mounting plugin WebMMedia
LogPluginManager: Mounting plugin WmfMedia
LogPluginManager: Mounting plugin TcpMessaging
LogPluginManager: Mounting plugin UdpMessaging
LogPluginManager: Mounting plugin ActorSequence
LogPluginManager: Mounting plugin LevelSequenceEditor
LogPluginManager: Mounting plugin MatineeToLevelSequence
LogPluginManager: Mounting plugin NetcodeUnitTest
LogPluginManager: Mounting plugin NUTUnrealEngine4
LogPluginManager: Mounting plugin OnlineSubsystemGooglePlay
LogPluginManager: Mounting plugin OnlineSubsystemIOS
LogPluginManager: Mounting plugin OnlineSubsystem
LogPluginManager: Mounting plugin OnlineSubsystemNull
LogPluginManager: Mounting plugin OnlineSubsystemUtils
LogPluginManager: Mounting plugin LauncherChunkInstaller
LogPluginManager: Mounting plugin AndroidDeviceProfileSelector
LogPluginManager: Mounting plugin AndroidMoviePlayer
LogPluginManager: Mounting plugin AndroidPermission
LogPluginManager: Mounting plugin AppleImageUtils
LogPluginManager: Mounting plugin AppleMoviePlayer
LogPluginManager: Mounting plugin ArchVisCharacter
LogPluginManager: Mounting plugin AssetTags
LogPluginManager: Mounting plugin AudioCapture
LogPluginManager: Mounting plugin CableComponent
LogPluginManager: Mounting plugin CustomMeshComponent
LogPluginManager: Mounting plugin EditableMesh
LogPluginManager: Mounting plugin ExampleDeviceProfileSelector
LogPluginManager: Mounting plugin GoogleCloudMessaging
LogPluginManager: Mounting plugin IOSDeviceProfileSelector
LogPluginManager: Mounting plugin LinuxDeviceProfileSelector
LogPluginManager: Mounting plugin LocationServicesBPLibrary
LogPluginManager: Mounting plugin MobilePatchingUtils
LogPluginManager: Mounting plugin OculusVR
LogPluginManager: Mounting plugin PhysXVehicles
LogPluginManager: Mounting plugin PostSplashScreen
LogPluginManager: Mounting plugin ProceduralMeshComponent
LogPluginManager: Mounting plugin RuntimePhysXCooking
LogPluginManager: Mounting plugin SignificanceManager
LogPluginManager: Mounting plugin SteamVR
LogPluginManager: Mounting plugin WebMMoviePlayer
LogPluginManager: Mounting plugin WindowsMoviePlayer
LogPluginManager: Mounting plugin ScreenshotTools
LogInit: Using libcurl 7.55.1-DEV
LogInit:  - built for x86_64-pc-win32
LogInit:  - supports SSL with OpenSSL/1.1.1
LogInit:  - supports HTTP deflate (compression) using libz 1.2.8
LogInit:  - other features:
LogInit:      CURL_VERSION_SSL
LogInit:      CURL_VERSION_LIBZ
LogInit:      CURL_VERSION_IPV6
LogInit:      CURL_VERSION_ASYNCHDNS
LogInit:      CURL_VERSION_LARGEFILE
LogInit:      CURL_VERSION_IDN
LogInit:  CurlRequestOptions (configurable via config and command line):
LogInit:  - bVerifyPeer = true  - Libcurl will verify peer certificate
LogInit:  - bUseHttpProxy = false  - Libcurl will NOT use HTTP proxy
LogInit:  - bDontReuseConnections = false  - Libcurl will reuse connections
LogInit:  - MaxHostConnections = 16  - Libcurl will limit the number of connections to a host
LogInit:  - LocalHostAddr = Default
LogInit:  - BufferSize = 65536
LogOnline: OSS: Creating online subsystem instance for: NULL
LogInit: WinSock: version 1.1 (2.2), MaxSocks=32767, MaxUdp=65467
LogOnline: OSS: TryLoadSubsystemAndSetDefault: Loaded subsystem for module [NULL]
LogInit: Build: ++UE4+Release-4.24-CL-11590370
LogInit: Engine Version: 4.24.3-11590370+++UE4+Release-4.24
LogInit: Compatible Engine Version: 4.24.0-10570792+++UE4+Release-4.24
LogInit: Net CL: 10570792
LogInit: OS: Windows 10 (Release 2004) (), CPU: AMD Ryzen 5 2600 Six-Core Processor            , GPU: Radeon RX 580 Series
LogInit: Compiled (64-bit): Feb 24 2020 15:39:18
LogInit: Compiled with Visual C++: 19.16.27032.01
LogInit: Build Configuration: Development
LogInit: Branch Name: ++UE4+Release-4.24
LogInit: Command Line: 
LogInit: Base Directory: D:/Epic Games/UE_4.24/Engine/Binaries/Win64/
LogInit: Installed Engine Build: 1
LogDevObjectVersion: Number of dev versions registered: 25
LogDevObjectVersion:   Dev-Blueprints (B0D832E4-1F89-4F0D-ACCF-7EB736FD4AA2): 10
LogDevObjectVersion:   Dev-Build (E1C64328-A22C-4D53-A36C-8E866417BD8C): 0
LogDevObjectVersion:   Dev-Core (375EC13C-06E4-48FB-B500-84F0262A717E): 3
LogDevObjectVersion:   Dev-Editor (E4B068ED-F494-42E9-A231-DA0B2E46BB41): 37
LogDevObjectVersion:   Dev-Framework (CFFC743F-43B0-4480-9391-14DF171D2073): 36
LogDevObjectVersion:   Dev-Mobile (B02B49B5-BB20-44E9-A304-32B752E40360): 2
LogDevObjectVersion:   Dev-Networking (A4E4105C-59A1-49B5-A7C5-40C4547EDFEE): 0
LogDevObjectVersion:   Dev-Online (39C831C9-5AE6-47DC-9A44-9C173E1C8E7C): 0
LogDevObjectVersion:   Dev-Physics (78F01B33-EBEA-4F98-B9B4-84EACCB95AA2): 2
LogDevObjectVersion:   Dev-Platform (6631380F-2D4D-43E0-8009-CF276956A95A): 0
LogDevObjectVersion:   Dev-Rendering (12F88B9F-8875-4AFC-A67C-D90C383ABD29): 36
LogDevObjectVersion:   Dev-Sequencer (7B5AE74C-D270-4C10-A958-57980B212A5A): 11
LogDevObjectVersion:   Dev-VR (D7296918-1DD6-4BDD-9DE2-64A83CC13884): 2
LogDevObjectVersion:   Dev-LoadTimes (C2A15278-BFE7-4AFE-6C17-90FF531DF755): 1
LogDevObjectVersion:   Private-Geometry (6EACA3D4-40EC-4CC1-B786-8BED09428FC5): 3
LogDevObjectVersion:   Dev-AnimPhys (29E575DD-E0A3-4627-9D10-D276232CDCEA): 17
LogDevObjectVersion:   Dev-Anim (AF43A65D-7FD3-4947-9873-3E8ED9C1BB05): 2
LogDevObjectVersion:   Dev-ReflectionCapture (6B266CEC-1EC7-4B8F-A30B-E4D90942FC07): 1
LogDevObjectVersion:   Dev-Automation (0DF73D61-A23F-47EA-B727-89E90C41499A): 1
LogDevObjectVersion:   FortniteMain (601D1886-AC64-4F84-AA16-D3DE0DEAC7D6): 31
LogDevObjectVersion:   Dev-Enterprise (9DFFBCD6-494F-0158-E221-12823C92A888): 8
LogDevObjectVersion:   Dev-Niagara (F2AED0AC-9AFE-416F-8664-AA7FFA26D6FC): 1
LogDevObjectVersion:   Dev-Destruction (174F1F0B-B4C6-45A5-B13F-2EE8D0FB917D): 9
LogDevObjectVersion:   Dev-Physics-Ext (35F94A83-E258-406C-A318-09F59610247C): 8
LogDevObjectVersion:   Dev-CineCamera (B2E18506-4273-CFC2-A54E-F4BB758BBA07): 1
LogInit: Presizing for max 25165824 objects, including 0 objects not considered by GC, pre-allocating 0 bytes for permanent pool.
LogInit: Object subsystem initialized
LogConfig: Setting CVar [[con.DebugEarlyDefault:1]]
LogConfig: Setting CVar [[r.setres:1280x720]]
[2020.08.11-15.34.01:490][  0]LogConfig: Setting CVar [[r.VSync:0]]
[2020.08.11-15.34.01:490][  0]LogConfig: Setting CVar [[r.RHICmdBypass:0]]
[2020.08.11-15.34.01:490][  0]LogConfig: Applying CVar settings from Section [/Script/Engine.RendererSettings] File [C:/Users/PC/Desktop/Darchangel/Darchangel/Saved/Config/Windows/Engine.ini]
[2020.08.11-15.34.01:490][  0]LogConfig: Setting CVar [[r.GPUCrashDebugging:0]]
[2020.08.11-15.34.01:490][  0]LogConfig: Applying CVar settings from Section [/Script/Engine.RendererOverrideSettings] File [C:/Users/PC/Desktop/Darchangel/Darchangel/Saved/Config/Windows/Engine.ini]
[2020.08.11-15.34.01:490][  0]LogConfig: Applying CVar settings from Section [/Script/Engine.StreamingSettings] File [C:/Users/PC/Desktop/Darchangel/Darchangel/Saved/Config/Windows/Engine.ini]
[2020.08.11-15.34.01:490][  0]LogConfig: Setting CVar [[s.MinBulkDataSizeForAsyncLoading:131072]]
[2020.08.11-15.34.01:490][  0]LogConfig: Setting CVar [[s.AsyncLoadingThreadEnabled:0]]
[2020.08.11-15.34.01:490][  0]LogConfig: Setting CVar [[s.EventDrivenLoaderEnabled:1]]
[2020.08.11-15.34.01:490][  0]LogConfig: Setting CVar [[s.WarnIfTimeLimitExceeded:0]]
[2020.08.11-15.34.01:490][  0]LogConfig: Setting CVar [[s.TimeLimitExceededMultiplier:1.5]]
[2020.08.11-15.34.01:490][  0]LogConfig: Setting CVar [[s.TimeLimitExceededMinTime:0.005]]
[2020.08.11-15.34.01:490][  0]LogConfig: Setting CVar [[s.UseBackgroundLevelStreaming:1]]
[2020.08.11-15.34.01:490][  0]LogConfig: Setting CVar [[s.PriorityAsyncLoadingExtraTime:15.0]]
[2020.08.11-15.34.01:490][  0]LogConfig: Setting CVar [[s.LevelStreamingActorsUpdateTimeLimit:5.0]]
[2020.08.11-15.34.01:490][  0]LogConfig: Setting CVar [[s.PriorityLevelStreamingActorsUpdateExtraTime:5.0]]
[2020.08.11-15.34.01:490][  0]LogConfig: Setting CVar [[s.LevelStreamingComponentsRegistrationGranularity:10]]
[2020.08.11-15.34.01:490][  0]LogConfig: Setting CVar [[s.UnregisterComponentsTimeLimit:1.0]]
[2020.08.11-15.34.01:490][  0]LogConfig: Setting CVar [[s.LevelStreamingComponentsUnregistrationGranularity:5]]
[2020.08.11-15.34.01:490][  0]LogConfig: Setting CVar [[s.FlushStreamingOnExit:1]]
[2020.08.11-15.34.01:490][  0]LogConfig: Applying CVar settings from Section [/Script/Engine.GarbageCollectionSettings] File [C:/Users/PC/Desktop/Darchangel/Darchangel/Saved/Config/Windows/Engine.ini]
[2020.08.11-15.34.01:490][  0]LogConfig: Setting CVar [[gc.MaxObjectsNotConsideredByGC:1]]
[2020.08.11-15.34.01:490][  0]LogConfig: Setting CVar [[gc.SizeOfPermanentObjectPool:0]]
[2020.08.11-15.34.01:490][  0]LogConfig: Setting CVar [[gc.FlushStreamingOnGC:0]]
[2020.08.11-15.34.01:490][  0]LogConfig: Setting CVar [[gc.NumRetriesBeforeForcingGC:10]]
[2020.08.11-15.34.01:490][  0]LogConfig: Setting CVar [[gc.AllowParallelGC:1]]
[2020.08.11-15.34.01:490][  0]LogConfig: Setting CVar [[gc.TimeBetweenPurgingPendingKillObjects:61.1]]
[2020.08.11-15.34.01:490][  0]LogConfig: Setting CVar [[gc.MaxObjectsInEditor:25165824]]
[2020.08.11-15.34.01:490][  0]LogConfig: Setting CVar [[gc.IncrementalBeginDestroyEnabled:1]]
[2020.08.11-15.34.01:490][  0]LogConfig: Setting CVar [[gc.CreateGCClusters:1]]
[2020.08.11-15.34.01:490][  0]LogConfig: Setting CVar [[gc.MinGCClusterSize:5]]
[2020.08.11-15.34.01:490][  0]LogConfig: Setting CVar [[gc.ActorClusteringEnabled:0]]
[2020.08.11-15.34.01:490][  0]LogConfig: Setting CVar [[gc.BlueprintClusteringEnabled:0]]
[2020.08.11-15.34.01:490][  0]LogConfig: Setting CVar [[gc.UseDisregardForGCOnDedicatedServers:0]]
[2020.08.11-15.34.01:490][  0]LogConfig: Applying CVar settings from Section [/Script/Engine.NetworkSettings] File [C:/Users/PC/Desktop/Darchangel/Darchangel/Saved/Config/Windows/Engine.ini]
[2020.08.11-15.34.01:490][  0]LogConfig: Applying CVar settings from Section [/Script/UnrealEd.CookerSettings] File [C:/Users/PC/Desktop/Darchangel/Darchangel/Saved/Config/Windows/Engine.ini]
[2020.08.11-15.34.01:498][  0]LogConfig: Applying CVar settings from Section [ViewDistanceQuality@3] File [C:/Users/PC/Desktop/Darchangel/Darchangel/Saved/Config/Windows/Scalability.ini]
[2020.08.11-15.34.01:499][  0]LogConfig: Setting CVar [[r.SkeletalMeshLODBias:0]]
[2020.08.11-15.34.01:499][  0]LogConfig: Setting CVar [[r.ViewDistanceScale:1.0]]
[2020.08.11-15.34.01:499][  0]LogConfig: Applying CVar settings from Section [AntiAliasingQuality@3] File [C:/Users/PC/Desktop/Darchangel/Darchangel/Saved/Config/Windows/Scalability.ini]
[2020.08.11-15.34.01:499][  0]LogConfig: Setting CVar [[r.PostProcessAAQuality:4]]
[2020.08.11-15.34.01:499][  0]LogConfig: Applying CVar settings from Section [ShadowQuality@3] File [C:/Users/PC/Desktop/Darchangel/Darchangel/Saved/Config/Windows/Scalability.ini]
[2020.08.11-15.34.01:499][  0]LogConfig: Setting CVar [[r.LightFunctionQuality:1]]
[2020.08.11-15.34.01:499][  0]LogConfig: Setting CVar [[r.ShadowQuality:5]]
[2020.08.11-15.34.01:499][  0]LogConfig: Setting CVar [[r.Shadow.CSM.MaxCascades:10]]
[2020.08.11-15.34.01:499][  0]LogConfig: Setting CVar [[r.Shadow.MaxResolution:2048]]
[2020.08.11-15.34.01:499][  0]LogConfig: Setting CVar [[r.Shadow.MaxCSMResolution:2048]]
[2020.08.11-15.34.01:499][  0]LogConfig: Setting CVar [[r.Shadow.RadiusThreshold:0.01]]
[2020.08.11-15.34.01:499][  0]LogConfig: Setting CVar [[r.Shadow.DistanceScale:1.0]]
[2020.08.11-15.34.01:499][  0]LogConfig: Setting CVar [[r.Shadow.CSM.TransitionScale:1.0]]
[2020.08.11-15.34.01:499][  0]LogConfig: Setting CVar [[r.Shadow.PreShadowResolutionFactor:1.0]]
[2020.08.11-15.34.01:499][  0]LogConfig: Setting CVar [[r.DistanceFieldShadowing:1]]
[2020.08.11-15.34.01:499][  0]LogConfig: Setting CVar [[r.DistanceFieldAO:1]]
[2020.08.11-15.34.01:499][  0]LogConfig: Setting CVar [[r.AOQuality:2]]
[2020.08.11-15.34.01:499][  0]LogConfig: Setting CVar [[r.VolumetricFog:1]]
[2020.08.11-15.34.01:499][  0]LogConfig: Setting CVar [[r.VolumetricFog.GridPixelSize:8]]
[2020.08.11-15.34.01:499][  0]LogConfig: Setting CVar [[r.VolumetricFog.GridSizeZ:128]]
[2020.08.11-15.34.01:499][  0]LogConfig: Setting CVar [[r.VolumetricFog.HistoryMissSupersampleCount:4]]
[2020.08.11-15.34.01:499][  0]LogConfig: Setting CVar [[r.LightMaxDrawDistanceScale:1]]
[2020.08.11-15.34.01:499][  0]LogConfig: Setting CVar [[r.CapsuleShadows:1]]
[2020.08.11-15.34.01:499][  0]LogConfig: Applying CVar settings from Section [PostProcessQuality@3] File [C:/Users/PC/Desktop/Darchangel/Darchangel/Saved/Config/Windows/Scalability.ini]
[2020.08.11-15.34.01:499][  0]LogConfig: Setting CVar [[r.MotionBlurQuality:4]]
[2020.08.11-15.34.01:499][  0]LogConfig: Setting CVar [[r.AmbientOcclusionMipLevelFactor:0.4]]
[2020.08.11-15.34.01:499][  0]LogConfig: Setting CVar [[r.AmbientOcclusionMaxQuality:100]]
[2020.08.11-15.34.01:499][  0]LogConfig: Setting CVar [[r.AmbientOcclusionLevels:-1]]
[2020.08.11-15.34.01:499][  0]LogConfig: Setting CVar [[r.AmbientOcclusionRadiusScale:1.0]]
[2020.08.11-15.34.01:499][  0]LogConfig: Setting CVar [[r.DepthOfFieldQuality:2]]
[2020.08.11-15.34.01:499][  0]LogConfig: Setting CVar [[r.RenderTargetPoolMin:400]]
[2020.08.11-15.34.01:499][  0]LogConfig: Setting CVar [[r.LensFlareQuality:2]]
[2020.08.11-15.34.01:499][  0]LogConfig: Setting CVar [[r.SceneColorFringeQuality:1]]
[2020.08.11-15.34.01:499][  0]LogConfig: Setting CVar [[r.EyeAdaptationQuality:2]]
[2020.08.11-15.34.01:499][  0]LogConfig: Setting CVar [[r.BloomQuality:5]]
[2020.08.11-15.34.01:499][  0]LogConfig: Setting CVar [[r.FastBlurThreshold:100]]
[2020.08.11-15.34.01:499][  0]LogConfig: Setting CVar [[r.Upscale.Quality:3]]
[2020.08.11-15.34.01:499][  0]LogConfig: Setting CVar [[r.Tonemapper.GrainQuantization:1]]
[2020.08.11-15.34.01:499][  0]LogConfig: Setting CVar [[r.LightShaftQuality:1]]
[2020.08.11-15.34.01:499][  0]LogConfig: Setting CVar [[r.Filter.SizeScale:1]]
[2020.08.11-15.34.01:499][  0]LogConfig: Setting CVar [[r.Tonemapper.Quality:5]]
[2020.08.11-15.34.01:499][  0]LogConfig: Setting CVar [[r.DOF.Gather.AccumulatorQuality:1        ; higher gathering accumulator quality]]
[2020.08.11-15.34.01:499][  0]LogConfig: Setting CVar [[r.DOF.Gather.PostfilterMethod:1          ; Median3x3 postfilering method]]
[2020.08.11-15.34.01:499][  0]LogConfig: Setting CVar [[r.DOF.Gather.EnableBokehSettings:0       ; no bokeh simulation when gathering]]
[2020.08.11-15.34.01:499][  0]LogConfig: Setting CVar [[r.DOF.Gather.RingCount:4                 ; medium number of samples when gathering]]
[2020.08.11-15.34.01:499][  0]LogConfig: Setting CVar [[r.DOF.Scatter.ForegroundCompositing:1    ; additive foreground scattering]]
[2020.08.11-15.34.01:499][  0]LogConfig: Setting CVar [[r.DOF.Scatter.BackgroundCompositing:2    ; additive background scattering]]
[2020.08.11-15.34.01:499][  0]LogConfig: Setting CVar [[r.DOF.Scatter.EnableBokehSettings:1      ; bokeh simulation when scattering]]
[2020.08.11-15.34.01:499][  0]LogConfig: Setting CVar [[r.DOF.Scatter.MaxSpriteRatio:0.1         ; only a maximum of 10% of scattered bokeh]]
[2020.08.11-15.34.01:499][  0]LogConfig: Setting CVar [[r.DOF.Recombine.Quality:1                ; cheap slight out of focus]]
[2020.08.11-15.34.01:499][  0]LogConfig: Setting CVar [[r.DOF.Recombine.EnableBokehSettings:0    ; no bokeh simulation on slight out of focus]]
[2020.08.11-15.34.01:499][  0]LogConfig: Setting CVar [[r.DOF.TemporalAAQuality:1                ; more stable temporal accumulation]]
[2020.08.11-15.34.01:499][  0]LogConfig: Setting CVar [[r.DOF.Kernel.MaxForegroundRadius:0.025]]
[2020.08.11-15.34.01:499][  0]LogConfig: Setting CVar [[r.DOF.Kernel.MaxBackgroundRadius:0.025]]
[2020.08.11-15.34.01:499][  0]LogConfig: Applying CVar settings from Section [TextureQuality@3] File [C:/Users/PC/Desktop/Darchangel/Darchangel/Saved/Config/Windows/Scalability.ini]
[2020.08.11-15.34.01:499][  0]LogConfig: Setting CVar [[r.Streaming.MipBias:0]]
[2020.08.11-15.34.01:499][  0]LogConfig: Setting CVar [[r.Streaming.AmortizeCPUToGPUCopy:0]]
[2020.08.11-15.34.01:499][  0]LogConfig: Setting CVar [[r.Streaming.MaxNumTexturesToStreamPerFrame:0]]
[2020.08.11-15.34.01:499][  0]LogConfig: Setting CVar [[r.Streaming.Boost:1]]
[2020.08.11-15.34.01:499][  0]LogConfig: Setting CVar [[r.MaxAnisotropy:8]]
[2020.08.11-15.34.01:499][  0]LogConfig: Setting CVar [[r.VT.MaxAnisotropy:8]]
[2020.08.11-15.34.01:499][  0]LogConfig: Setting CVar [[r.Streaming.LimitPoolSizeToVRAM:0]]
[2020.08.11-15.34.01:499][  0]LogConfig: Setting CVar [[r.Streaming.PoolSize:1000]]
[2020.08.11-15.34.01:499][  0]LogConfig: Setting CVar [[r.Streaming.MaxEffectiveScreenSize:0]]
[2020.08.11-15.34.01:499][  0]LogConfig: Applying CVar settings from Section [EffectsQuality@3] File [C:/Users/PC/Desktop/Darchangel/Darchangel/Saved/Config/Windows/Scalability.ini]
[2020.08.11-15.34.01:499][  0]LogConfig: Setting CVar [[r.TranslucencyLightingVolumeDim:64]]
[2020.08.11-15.34.01:499][  0]LogConfig: Setting CVar [[r.RefractionQuality:2]]
[2020.08.11-15.34.01:499][  0]LogConfig: Setting CVar [[r.SSR.Quality:3]]
[2020.08.11-15.34.01:499][  0]LogConfig: Setting CVar [[r.SSR.HalfResSceneColor:0]]
[2020.08.11-15.34.01:499][  0]LogConfig: Setting CVar [[r.SceneColorFormat:4]]
[2020.08.11-15.34.01:499][  0]LogConfig: Setting CVar [[r.DetailMode:2]]
[2020.08.11-15.34.01:499][  0]LogConfig: Setting CVar [[r.TranslucencyVolumeBlur:1]]
[2020.08.11-15.34.01:500][  0]LogConfig: Setting CVar [[r.MaterialQualityLevel:1 ; High quality]]
[2020.08.11-15.34.01:500][  0]LogConfig: Setting CVar [[r.SSS.Scale:1]]
[2020.08.11-15.34.01:500][  0]LogConfig: Setting CVar [[r.SSS.SampleSet:2]]
[2020.08.11-15.34.01:500][  0]LogConfig: Setting CVar [[r.SSS.Quality:1]]
[2020.08.11-15.34.01:500][  0]LogConfig: Setting CVar [[r.SSS.HalfRes:1]]
[2020.08.11-15.34.01:500][  0]LogConfig: Setting CVar [[r.SSGI.Quality:3]]
[2020.08.11-15.34.01:500][  0]LogConfig: Setting CVar [[r.EmitterSpawnRateScale:1.0]]
[2020.08.11-15.34.01:500][  0]LogConfig: Setting CVar [[r.ParticleLightQuality:2]]
[2020.08.11-15.34.01:500][  0]LogConfig: Setting CVar [[r.SkyAtmosphere.AerialPerspectiveLUT.FastApplyOnOpaque:1 ; Always have FastSkyLUT 1 in this case to avoid wrong sky]]
[2020.08.11-15.34.01:500][  0]LogConfig: Setting CVar [[r.SkyAtmosphere.AerialPerspectiveLUT.SampleCountPerSlice:1]]
[2020.08.11-15.34.01:500][  0]LogConfig: Setting CVar [[r.SkyAtmosphere.AerialPerspectiveLUT.DepthResolution:16.0]]
[2020.08.11-15.34.01:500][  0]LogConfig: Setting CVar [[r.SkyAtmosphere.FastSkyLUT:1]]
[2020.08.11-15.34.01:500][  0]LogConfig: Setting CVar [[r.SkyAtmosphere.FastSkyLUT.SampleCountMin:4.0]]
[2020.08.11-15.34.01:500][  0]LogConfig: Setting CVar [[r.SkyAtmosphere.FastSkyLUT.SampleCountMax:32.0]]
[2020.08.11-15.34.01:500][  0]LogConfig: Setting CVar [[r.SkyAtmosphere.SampleCountMin:4.0]]
[2020.08.11-15.34.01:500][  0]LogConfig: Setting CVar [[r.SkyAtmosphere.SampleCountMax:32.0]]
[2020.08.11-15.34.01:500][  0]LogConfig: Setting CVar [[r.SkyAtmosphere.TransmittanceLUT.UseSmallFormat:0]]
[2020.08.11-15.34.01:500][  0]LogConfig: Setting CVar [[r.SkyAtmosphere.TransmittanceLUT.SampleCount:10.0]]
[2020.08.11-15.34.01:500][  0]LogConfig: Setting CVar [[r.SkyAtmosphere.MultiScatteringLUT.SampleCount:15.0]]
[2020.08.11-15.34.01:500][  0]LogConfig: Applying CVar settings from Section [FoliageQuality@3] File [C:/Users/PC/Desktop/Darchangel/Darchangel/Saved/Config/Windows/Scalability.ini]
[2020.08.11-15.34.01:500][  0]LogConfig: Setting CVar [[foliage.DensityScale:1.0]]
[2020.08.11-15.34.01:500][  0]LogConfig: Setting CVar [[grass.DensityScale:1.0]]
[2020.08.11-15.34.01:500][  0]LogConfig: Applying CVar settings from Section [ShadingQuality@3] File [C:/Users/PC/Desktop/Darchangel/Darchangel/Saved/Config/Windows/Scalability.ini]
[2020.08.11-15.34.01:500][  0]LogConfig: Setting CVar [[r.HairStrands.SkyLighting.SampleCount:16]]
[2020.08.11-15.34.01:500][  0]LogConfig: Setting CVar [[r.HairStrands.SkyLighting.JitterIntegration:0]]
[2020.08.11-15.34.01:500][  0]LogConfig: Setting CVar [[r.HairStrands.SkyAO.SampleCount:16]]
[2020.08.11-15.34.01:500][  0]LogInit: Selected Device Profile: [Windows]
[2020.08.11-15.34.01:500][  0]LogInit: Applying CVar settings loaded from the selected device profile: [Windows]
[2020.08.11-15.34.01:503][  0]LogHAL: Display: Platform has ~ 8 GB [8535949312 / 8589934592 / 8], which maps to Default [LargestMinGB=32, LargerMinGB=12, DefaultMinGB=8, SmallerMinGB=6, SmallestMinGB=0)
[2020.08.11-15.34.01:503][  0]LogInit: Going up to parent DeviceProfile []
[2020.08.11-15.34.01:503][  0]LogConfig: Applying CVar settings from Section [ViewDistanceQuality@3] File [C:/Users/PC/Desktop/Darchangel/Darchangel/Saved/Config/Windows/Scalability.ini]
[2020.08.11-15.34.01:503][  0]LogConfig: Setting CVar [[r.SkeletalMeshLODBias:0]]
[2020.08.11-15.34.01:503][  0]LogConfig: Setting CVar [[r.ViewDistanceScale:1.0]]
[2020.08.11-15.34.01:503][  0]LogConfig: Applying CVar settings from Section [AntiAliasingQuality@3] File [C:/Users/PC/Desktop/Darchangel/Darchangel/Saved/Config/Windows/Scalability.ini]
[2020.08.11-15.34.01:503][  0]LogConfig: Setting CVar [[r.PostProcessAAQuality:4]]
[2020.08.11-15.34.01:503][  0]LogConfig: Applying CVar settings from Section [ShadowQuality@3] File [C:/Users/PC/Desktop/Darchangel/Darchangel/Saved/Config/Windows/Scalability.ini]
[2020.08.11-15.34.01:503][  0]LogConfig: Setting CVar [[r.LightFunctionQuality:1]]
[2020.08.11-15.34.01:503][  0]LogConfig: Setting CVar [[r.ShadowQuality:5]]
[2020.08.11-15.34.01:503][  0]LogConfig: Setting CVar [[r.Shadow.CSM.MaxCascades:10]]
[2020.08.11-15.34.01:503][  0]LogConfig: Setting CVar [[r.Shadow.MaxResolution:2048]]
[2020.08.11-15.34.01:503][  0]LogConfig: Setting CVar [[r.Shadow.MaxCSMResolution:2048]]
[2020.08.11-15.34.01:503][  0]LogConfig: Setting CVar [[r.Shadow.RadiusThreshold:0.01]]
[2020.08.11-15.34.01:503][  0]LogConfig: Setting CVar [[r.Shadow.DistanceScale:1.0]]
[2020.08.11-15.34.01:503][  0]LogConfig: Setting CVar [[r.Shadow.CSM.TransitionScale:1.0]]
[2020.08.11-15.34.01:503][  0]LogConfig: Setting CVar [[r.Shadow.PreShadowResolutionFactor:1.0]]
[2020.08.11-15.34.01:503][  0]LogConfig: Setting CVar [[r.DistanceFieldShadowing:1]]
[2020.08.11-15.34.01:503][  0]LogConfig: Setting CVar [[r.DistanceFieldAO:1]]
[2020.08.11-15.34.01:503][  0]LogConfig: Setting CVar [[r.AOQuality:2]]
[2020.08.11-15.34.01:503][  0]LogConfig: Setting CVar [[r.VolumetricFog:1]]
[2020.08.11-15.34.01:503][  0]LogConfig: Setting CVar [[r.VolumetricFog.GridPixelSize:8]]
[2020.08.11-15.34.01:503][  0]LogConfig: Setting CVar [[r.VolumetricFog.GridSizeZ:128]]
[2020.08.11-15.34.01:503][  0]LogConfig: Setting CVar [[r.VolumetricFog.HistoryMissSupersampleCount:4]]
[2020.08.11-15.34.01:503][  0]LogConfig: Setting CVar [[r.LightMaxDrawDistanceScale:1]]
[2020.08.11-15.34.01:503][  0]LogConfig: Setting CVar [[r.CapsuleShadows:1]]
[2020.08.11-15.34.01:503][  0]LogConfig: Applying CVar settings from Section [PostProcessQuality@3] File [C:/Users/PC/Desktop/Darchangel/Darchangel/Saved/Config/Windows/Scalability.ini]
[2020.08.11-15.34.01:503][  0]LogConfig: Setting CVar [[r.MotionBlurQuality:4]]
[2020.08.11-15.34.01:503][  0]LogConfig: Setting CVar [[r.AmbientOcclusionMipLevelFactor:0.4]]
[2020.08.11-15.34.01:503][  0]LogConfig: Setting CVar [[r.AmbientOcclusionMaxQuality:100]]
[2020.08.11-15.34.01:503][  0]LogConfig: Setting CVar [[r.AmbientOcclusionLevels:-1]]
[2020.08.11-15.34.01:503][  0]LogConfig: Setting CVar [[r.AmbientOcclusionRadiusScale:1.0]]
[2020.08.11-15.34.01:503][  0]LogConfig: Setting CVar [[r.DepthOfFieldQuality:2]]
[2020.08.11-15.34.01:503][  0]LogConfig: Setting CVar [[r.RenderTargetPoolMin:400]]
[2020.08.11-15.34.01:503][  0]LogConfig: Setting CVar [[r.LensFlareQuality:2]]
[2020.08.11-15.34.01:503][  0]LogConfig: Setting CVar [[r.SceneColorFringeQuality:1]]
[2020.08.11-15.34.01:503][  0]LogConfig: Setting CVar [[r.EyeAdaptationQuality:2]]
[2020.08.11-15.34.01:503][  0]LogConfig: Setting CVar [[r.BloomQuality:5]]
[2020.08.11-15.34.01:503][  0]LogConfig: Setting CVar [[r.FastBlurThreshold:100]]
[2020.08.11-15.34.01:503][  0]LogConfig: Setting CVar [[r.Upscale.Quality:3]]
[2020.08.11-15.34.01:503][  0]LogConfig: Setting CVar [[r.Tonemapper.GrainQuantization:1]]
[2020.08.11-15.34.01:503][  0]LogConfig: Setting CVar [[r.LightShaftQuality:1]]
[2020.08.11-15.34.01:503][  0]LogConfig: Setting CVar [[r.Filter.SizeScale:1]]
[2020.08.11-15.34.01:503][  0]LogConfig: Setting CVar [[r.Tonemapper.Quality:5]]
[2020.08.11-15.34.01:503][  0]LogConfig: Setting CVar [[r.DOF.Gather.AccumulatorQuality:1        ; higher gathering accumulator quality]]
[2020.08.11-15.34.01:503][  0]LogConfig: Setting CVar [[r.DOF.Gather.PostfilterMethod:1          ; Median3x3 postfilering method]]
[2020.08.11-15.34.01:503][  0]LogConfig: Setting CVar [[r.DOF.Gather.EnableBokehSettings:0       ; no bokeh simulation when gathering]]
[2020.08.11-15.34.01:503][  0]LogConfig: Setting CVar [[r.DOF.Gather.RingCount:4                 ; medium number of samples when gathering]]
[2020.08.11-15.34.01:503][  0]LogConfig: Setting CVar [[r.DOF.Scatter.ForegroundCompositing:1    ; additive foreground scattering]]
[2020.08.11-15.34.01:503][  0]LogConfig: Setting CVar [[r.DOF.Scatter.BackgroundCompositing:2    ; additive background scattering]]
[2020.08.11-15.34.01:503][  0]LogConfig: Setting CVar [[r.DOF.Scatter.EnableBokehSettings:1      ; bokeh simulation when scattering]]
[2020.08.11-15.34.01:503][  0]LogConfig: Setting CVar [[r.DOF.Scatter.MaxSpriteRatio:0.1         ; only a maximum of 10% of scattered bokeh]]
[2020.08.11-15.34.01:503][  0]LogConfig: Setting CVar [[r.DOF.Recombine.Quality:1                ; cheap slight out of focus]]
[2020.08.11-15.34.01:503][  0]LogConfig: Setting CVar [[r.DOF.Recombine.EnableBokehSettings:0    ; no bokeh simulation on slight out of focus]]
[2020.08.11-15.34.01:503][  0]LogConfig: Setting CVar [[r.DOF.TemporalAAQuality:1                ; more stable temporal accumulation]]
[2020.08.11-15.34.01:503][  0]LogConfig: Setting CVar [[r.DOF.Kernel.MaxForegroundRadius:0.025]]
[2020.08.11-15.34.01:503][  0]LogConfig: Setting CVar [[r.DOF.Kernel.MaxBackgroundRadius:0.025]]
[2020.08.11-15.34.01:503][  0]LogConfig: Applying CVar settings from Section [TextureQuality@3] File [C:/Users/PC/Desktop/Darchangel/Darchangel/Saved/Config/Windows/Scalability.ini]
[2020.08.11-15.34.01:503][  0]LogConfig: Setting CVar [[r.Streaming.MipBias:0]]
[2020.08.11-15.34.01:503][  0]LogConfig: Setting CVar [[r.Streaming.AmortizeCPUToGPUCopy:0]]
[2020.08.11-15.34.01:503][  0]LogConfig: Setting CVar [[r.Streaming.MaxNumTexturesToStreamPerFrame:0]]
[2020.08.11-15.34.01:504][  0]LogConfig: Setting CVar [[r.Streaming.Boost:1]]
[2020.08.11-15.34.01:504][  0]LogConfig: Setting CVar [[r.MaxAnisotropy:8]]
[2020.08.11-15.34.01:504][  0]LogConfig: Setting CVar [[r.VT.MaxAnisotropy:8]]
[2020.08.11-15.34.01:504][  0]LogConfig: Setting CVar [[r.Streaming.LimitPoolSizeToVRAM:0]]
[2020.08.11-15.34.01:504][  0]LogConfig: Setting CVar [[r.Streaming.PoolSize:1000]]
[2020.08.11-15.34.01:504][  0]LogConfig: Setting CVar [[r.Streaming.MaxEffectiveScreenSize:0]]
[2020.08.11-15.34.01:504][  0]LogConfig: Applying CVar settings from Section [EffectsQuality@3] File [C:/Users/PC/Desktop/Darchangel/Darchangel/Saved/Config/Windows/Scalability.ini]
[2020.08.11-15.34.01:504][  0]LogConfig: Setting CVar [[r.TranslucencyLightingVolumeDim:64]]
[2020.08.11-15.34.01:504][  0]LogConfig: Setting CVar [[r.RefractionQuality:2]]
[2020.08.11-15.34.01:504][  0]LogConfig: Setting CVar [[r.SSR.Quality:3]]
[2020.08.11-15.34.01:504][  0]LogConfig: Setting CVar [[r.SSR.HalfResSceneColor:0]]
[2020.08.11-15.34.01:504][  0]LogConfig: Setting CVar [[r.SceneColorFormat:4]]
[2020.08.11-15.34.01:504][  0]LogConfig: Setting CVar [[r.DetailMode:2]]
[2020.08.11-15.34.01:504][  0]LogConfig: Setting CVar [[r.TranslucencyVolumeBlur:1]]
[2020.08.11-15.34.01:504][  0]LogConfig: Setting CVar [[r.MaterialQualityLevel:1 ; High quality]]
[2020.08.11-15.34.01:504][  0]LogConfig: Setting CVar [[r.SSS.Scale:1]]
[2020.08.11-15.34.01:504][  0]LogConfig: Setting CVar [[r.SSS.SampleSet:2]]
[2020.08.11-15.34.01:504][  0]LogConfig: Setting CVar [[r.SSS.Quality:1]]
[2020.08.11-15.34.01:504][  0]LogConfig: Setting CVar [[r.SSS.HalfRes:1]]
[2020.08.11-15.34.01:504][  0]LogConfig: Setting CVar [[r.SSGI.Quality:3]]
[2020.08.11-15.34.01:504][  0]LogConfig: Setting CVar [[r.EmitterSpawnRateScale:1.0]]
[2020.08.11-15.34.01:504][  0]LogConfig: Setting CVar [[r.ParticleLightQuality:2]]
[2020.08.11-15.34.01:504][  0]LogConfig: Setting CVar [[r.SkyAtmosphere.AerialPerspectiveLUT.FastApplyOnOpaque:1 ; Always have FastSkyLUT 1 in this case to avoid wrong sky]]
[2020.08.11-15.34.01:504][  0]LogConfig: Setting CVar [[r.SkyAtmosphere.AerialPerspectiveLUT.SampleCountPerSlice:1]]
[2020.08.11-15.34.01:504][  0]LogConfig: Setting CVar [[r.SkyAtmosphere.AerialPerspectiveLUT.DepthResolution:16.0]]
[2020.08.11-15.34.01:504][  0]LogConfig: Setting CVar [[r.SkyAtmosphere.FastSkyLUT:1]]
[2020.08.11-15.34.01:504][  0]LogConfig: Setting CVar [[r.SkyAtmosphere.FastSkyLUT.SampleCountMin:4.0]]
[2020.08.11-15.34.01:504][  0]LogConfig: Setting CVar [[r.SkyAtmosphere.FastSkyLUT.SampleCountMax:32.0]]
[2020.08.11-15.34.01:504][  0]LogConfig: Setting CVar [[r.SkyAtmosphere.SampleCountMin:4.0]]
[2020.08.11-15.34.01:504][  0]LogConfig: Setting CVar [[r.SkyAtmosphere.SampleCountMax:32.0]]
[2020.08.11-15.34.01:504][  0]LogConfig: Setting CVar [[r.SkyAtmosphere.TransmittanceLUT.UseSmallFormat:0]]
[2020.08.11-15.34.01:504][  0]LogConfig: Setting CVar [[r.SkyAtmosphere.TransmittanceLUT.SampleCount:10.0]]
[2020.08.11-15.34.01:504][  0]LogConfig: Setting CVar [[r.SkyAtmosphere.MultiScatteringLUT.SampleCount:15.0]]
[2020.08.11-15.34.01:504][  0]LogConfig: Applying CVar settings from Section [FoliageQuality@3] File [C:/Users/PC/Desktop/Darchangel/Darchangel/Saved/Config/Windows/Scalability.ini]
[2020.08.11-15.34.01:504][  0]LogConfig: Setting CVar [[foliage.DensityScale:1.0]]
[2020.08.11-15.34.01:504][  0]LogConfig: Setting CVar [[grass.DensityScale:1.0]]
[2020.08.11-15.34.01:504][  0]LogConfig: Applying CVar settings from Section [ShadingQuality@3] File [C:/Users/PC/Desktop/Darchangel/Darchangel/Saved/Config/Windows/Scalability.ini]
[2020.08.11-15.34.01:504][  0]LogConfig: Setting CVar [[r.HairStrands.SkyLighting.SampleCount:16]]
[2020.08.11-15.34.01:504][  0]LogConfig: Setting CVar [[r.HairStrands.SkyLighting.JitterIntegration:0]]
[2020.08.11-15.34.01:504][  0]LogConfig: Setting CVar [[r.HairStrands.SkyAO.SampleCount:16]]
[2020.08.11-15.34.01:504][  0]LogConfig: Applying CVar settings from Section [Startup] File [../../../Engine/Config/ConsoleVariables.ini]
[2020.08.11-15.34.01:504][  0]LogConfig: Setting CVar [[net.UseAdaptiveNetUpdateFrequency:0]]
[2020.08.11-15.34.01:504][  0]LogConfig: Setting CVar [[p.chaos.AllowCreatePhysxBodies:1]]
[2020.08.11-15.34.01:504][  0]LogConfig: Applying CVar settings from Section [ConsoleVariables] File [C:/Users/PC/Desktop/Darchangel/Darchangel/Saved/Config/Windows/Engine.ini]
[2020.08.11-15.34.01:504][  0]LogInit: Computer: DESKTOP-7ABA65E
[2020.08.11-15.34.01:504][  0]LogInit: User: PC
[2020.08.11-15.34.01:504][  0]LogInit: CPU Page size=4096, Cores=6
[2020.08.11-15.34.01:504][  0]LogInit: High frequency timer resolution =10.000000 MHz
[2020.08.11-15.34.01:505][  0]LogMemory: Memory total: Physical=7.9GB (8GB approx)
[2020.08.11-15.34.01:505][  0]LogMemory: Platform Memory Stats for Windows
[2020.08.11-15.34.01:505][  0]LogMemory: Process Physical Memory: 106.86 MB used, 106.87 MB peak
[2020.08.11-15.34.01:505][  0]LogMemory: Process Virtual Memory: 101.51 MB used, 101.51 MB peak
[2020.08.11-15.34.01:505][  0]LogMemory: Physical Memory: 3586.12 MB used,  4554.40 MB free, 8140.52 MB total
[2020.08.11-15.34.01:505][  0]LogMemory: Virtual Memory: 5161.10 MB used,  134212568.00 MB free, 134217728.00 MB total
[2020.08.11-15.34.01:507][  0]LogWindows: WindowsPlatformFeatures enabled
[2020.08.11-15.34.01:520][  0]LogInit: Using OS detected language (en-US).
[2020.08.11-15.34.01:520][  0]LogInit: Using OS detected locale (en-US).
[2020.08.11-15.34.01:521][  0]LogTextLocalizationManager: No specific localization for 'en-US' exists, so the 'en' localization will be used.
[2020.08.11-15.34.01:673][  0]LogInit: Setting process to per monitor DPI aware
[2020.08.11-15.34.01:705][  0]LogSlate: New Slate User Created.  User Index 0, Is Virtual User: 0
[2020.08.11-15.34.01:705][  0]LogSlate: Slate User Registered.  User Index 0, Is Virtual User: 0
[2020.08.11-15.34.01:846][  0]LogHMD: Failed to initialize OpenVR with code 110
[2020.08.11-15.34.01:846][  0]LogD3D11RHI: D3D11 min allowed feature level: 11_0
[2020.08.11-15.34.01:846][  0]LogD3D11RHI: D3D11 max allowed feature level: 11_0
[2020.08.11-15.34.01:846][  0]LogD3D11RHI: D3D11 adapters:
[2020.08.11-15.34.01:879][  0]LogD3D11RHI:    0. 'Radeon RX 580 Series' (Feature Level 11_0)
[2020.08.11-15.34.01:879][  0]LogD3D11RHI:       8137/0/4070 MB DedicatedVideo/DedicatedSystem/SharedSystem, Outputs:2, VendorId:0x1002
[2020.08.11-15.34.01:882][  0]LogD3D11RHI:    1. 'Microsoft Basic Render Driver' (Feature Level 11_0)
[2020.08.11-15.34.01:882][  0]LogD3D11RHI:       0/0/4070 MB DedicatedVideo/DedicatedSystem/SharedSystem, Outputs:0, VendorId:0x1414
[2020.08.11-15.34.01:882][  0]LogD3D11RHI: Chosen D3D11 Adapter: 0
[2020.08.11-15.34.01:889][  0]LogD3D11RHI: Creating new Direct3DDevice
[2020.08.11-15.34.01:889][  0]LogD3D11RHI:     GPU DeviceId: 0x67df (for the marketing name, search the web for "GPU Device Id")
[2020.08.11-15.34.01:889][  0]LogWindows: EnumDisplayDevices:
[2020.08.11-15.34.01:890][  0]LogWindows:    0. 'Radeon RX 580 Series' (P:0 D:1)
[2020.08.11-15.34.01:890][  0]LogWindows:    1. 'Radeon RX 580 Series' (P:1 D:1)
[2020.08.11-15.34.01:890][  0]LogWindows:    2. 'Radeon RX 580 Series' (P:0 D:0)
[2020.08.11-15.34.01:891][  0]LogWindows:    3. 'Radeon RX 580 Series' (P:0 D:0)
[2020.08.11-15.34.01:891][  0]LogWindows:    4. 'Radeon RX 580 Series' (P:0 D:0)
[2020.08.11-15.34.01:892][  0]LogWindows:    5. 'Radeon RX 580 Series' (P:0 D:0)
[2020.08.11-15.34.01:892][  0]LogWindows:    6. 'Radeon RX 580 Series' (P:0 D:0)
[2020.08.11-15.34.01:892][  0]LogWindows:    7. 'Radeon RX 580 Series' (P:0 D:0)
[2020.08.11-15.34.01:893][  0]LogWindows: DebugString: FoundDriverCount:8 
[2020.08.11-15.34.01:893][  0]LogD3D11RHI:     Adapter Name: Radeon RX 580 Series
[2020.08.11-15.34.01:893][  0]LogD3D11RHI:   Driver Version: Adrenalin 19.20 (internal:26.20.12028.2, unified:26.20.12028.2)
[2020.08.11-15.34.01:893][  0]LogD3D11RHI:      Driver Date: 8-16-2019
[2020.08.11-15.34.01:893][  0]LogRHI: Texture pool is 5695 MB (70% of 8137 MB)
[2020.08.11-15.34.01:949][  0]LogD3D11RHI: RHI does not have support for 64 bit atomics
[2020.08.11-15.34.01:949][  0]LogD3D11RHI: Async texture creation enabled
[2020.08.11-15.34.01:960][  0]LogD3D11RHI: GPU Timing Frequency: 25.000000 (Debug: 2 1)
[2020.08.11-15.34.02:211][  0]LogTargetPlatformManager: Display: Loaded TargetPlatform 'AllDesktop'
[2020.08.11-15.34.02:243][  0]LogTargetPlatformManager: Display: Loaded TargetPlatform 'Android'
[2020.08.11-15.34.02:243][  0]LogTargetPlatformManager: Display: Loaded TargetPlatform 'Android_ASTC'
[2020.08.11-15.34.02:243][  0]LogTargetPlatformManager: Display: Loaded TargetPlatform 'Android_ATC'
[2020.08.11-15.34.02:243][  0]LogTargetPlatformManager: Display: Loaded TargetPlatform 'Android_DXT'
[2020.08.11-15.34.02:243][  0]LogTargetPlatformManager: Display: Loaded TargetPlatform 'Android_ETC1'
[2020.08.11-15.34.02:243][  0]LogTargetPlatformManager: Display: Loaded TargetPlatform 'Android_ETC1a'
[2020.08.11-15.34.02:243][  0]LogTargetPlatformManager: Display: Loaded TargetPlatform 'Android_ETC2'
[2020.08.11-15.34.02:243][  0]LogTargetPlatformManager: Display: Loaded TargetPlatform 'Android_PVRTC'
[2020.08.11-15.34.02:243][  0]LogTargetPlatformManager: Display: Loaded TargetPlatform 'AndroidClient'
[2020.08.11-15.34.02:243][  0]LogTargetPlatformManager: Display: Loaded TargetPlatform 'Android_ASTCClient'
[2020.08.11-15.34.02:243][  0]LogTargetPlatformManager: Display: Loaded TargetPlatform 'Android_ATCClient'
[2020.08.11-15.34.02:243][  0]LogTargetPlatformManager: Display: Loaded TargetPlatform 'Android_DXTClient'
[2020.08.11-15.34.02:243][  0]LogTargetPlatformManager: Display: Loaded TargetPlatform 'Android_ETC1Client'
[2020.08.11-15.34.02:243][  0]LogTargetPlatformManager: Display: Loaded TargetPlatform 'Android_ETC1aClient'
[2020.08.11-15.34.02:243][  0]LogTargetPlatformManager: Display: Loaded TargetPlatform 'Android_ETC2Client'
[2020.08.11-15.34.02:243][  0]LogTargetPlatformManager: Display: Loaded TargetPlatform 'Android_PVRTCClient'
[2020.08.11-15.34.02:243][  0]LogTargetPlatformManager: Display: Loaded TargetPlatform 'Android_Multi'
[2020.08.11-15.34.02:243][  0]LogTargetPlatformManager: Display: Loaded TargetPlatform 'Android_MultiClient'
[2020.08.11-15.34.02:263][  0]LogTargetPlatformManager: Display: Loaded TargetPlatform 'IOSClient'
[2020.08.11-15.34.02:263][  0]LogTargetPlatformManager: Display: Loaded TargetPlatform 'IOS'
[2020.08.11-15.34.02:271][  0]LogTargetPlatformManager: Display: Loaded TargetPlatform 'LinuxNoEditor'
[2020.08.11-15.34.02:278][  0]LogTargetPlatformManager: Display: Loaded TargetPlatform 'LinuxClient'
[2020.08.11-15.34.02:285][  0]LogTargetPlatformManager: Display: Loaded TargetPlatform 'LinuxServer'
[2020.08.11-15.34.02:293][  0]LogTargetPlatformManager: Display: Loaded TargetPlatform 'LinuxAArch64NoEditor'
[2020.08.11-15.34.02:300][  0]LogTargetPlatformManager: Display: Loaded TargetPlatform 'LinuxAArch64Client'
[2020.08.11-15.34.02:307][  0]LogTargetPlatformManager: Display: Loaded TargetPlatform 'LinuxAArch64Server'
[2020.08.11-15.34.02:331][  0]LogTargetPlatformManager: Display: Loaded TargetPlatform 'Lumin'
[2020.08.11-15.34.02:331][  0]LogTargetPlatformManager: Display: Loaded TargetPlatform 'LuminClient'
[2020.08.11-15.34.02:346][  0]LogTargetPlatformManager: Display: Loaded TargetPlatform 'TVOSClient'
[2020.08.11-15.34.02:346][  0]LogTargetPlatformManager: Display: Loaded TargetPlatform 'TVOS'
[2020.08.11-15.34.02:353][  0]LogTargetPlatformManager: Display: Loaded TargetPlatform 'WindowsNoEditor'
[2020.08.11-15.34.02:361][  0]LogTargetPlatformManager: Display: Loaded TargetPlatform 'Windows'
[2020.08.11-15.34.02:369][  0]LogTargetPlatformManager: Display: Loaded TargetPlatform 'WindowsClient'
[2020.08.11-15.34.02:376][  0]LogTargetPlatformManager: Display: Loaded TargetPlatform 'WindowsServer'
[2020.08.11-15.34.02:376][  0]LogTargetPlatformManager: Display: Building Assets For Windows
[2020.08.11-15.34.02:379][  0]LogAudioDebug: Display: Lib vorbis DLL was dynamically loaded.
[2020.08.11-15.34.02:399][  0]LogShaderCompilers: Guid format shader working directory is 2 characters bigger than the processId version (C:/Users/PC/Desktop/Darchangel/Darchangel/Intermediate/Shaders/WorkingDirectory/8084/).
[2020.08.11-15.34.02:399][  0]LogShaderCompilers: Cleaned the shader compiler working directory 'C:/Users/PC/AppData/Local/Temp/UnrealShaderWorkingDir/440C013F46C183710DCDB1BBA5E8DD14/'.
[2020.08.11-15.34.02:400][  0]LogXGEController: Cannot use XGE Controller as Incredibuild is not installed on this machine.
[2020.08.11-15.34.02:400][  0]LogShaderCompilers: Cannot use XGE Shader Compiler as Incredibuild is not installed on this machine.
[2020.08.11-15.34.02:400][  0]LogShaderCompilers: Display: Using Local Shader Compiler.
[2020.08.11-15.34.03:097][  0]LogDerivedDataCache: Display: Max Cache Size: 512 MB
[2020.08.11-15.34.03:167][  0]LogDerivedDataCache: Loaded boot cache 0.07s 85MB C:/Users/PC/AppData/Local/UnrealEngine/4.24/DerivedDataCache/Boot.ddc.
[2020.08.11-15.34.03:167][  0]LogDerivedDataCache: Display: Loaded Boot cache: C:/Users/PC/AppData/Local/UnrealEngine/4.24/DerivedDataCache/Boot.ddc
[2020.08.11-15.34.03:167][  0]LogDerivedDataCache: FDerivedDataBackendGraph:  Pak pak cache file C:/Users/PC/Desktop/Darchangel/Darchangel/DerivedDataCache/DDC.ddp not found, will not use a pak cache.
[2020.08.11-15.34.03:167][  0]LogDerivedDataCache: Unable to find inner node Pak for hierarchical cache Hierarchy.
[2020.08.11-15.34.03:167][  0]LogDerivedDataCache: FDerivedDataBackendGraph:  CompressedPak pak cache file C:/Users/PC/Desktop/Darchangel/Darchangel/DerivedDataCache/Compressed.ddp not found, will not use a pak cache.
[2020.08.11-15.34.03:167][  0]LogDerivedDataCache: Unable to find inner node CompressedPak for hierarchical cache Hierarchy.
[2020.08.11-15.34.03:178][  0]LogDerivedDataCache: Display: Pak cache opened for reading ../../../Engine/DerivedDataCache/Compressed.ddp.
[2020.08.11-15.34.03:178][  0]LogDerivedDataCache: FDerivedDataBackendGraph:  EnterprisePak pak cache file ../../../Enterprise/DerivedDataCache/Compressed.ddp not found, will not use a pak cache.
[2020.08.11-15.34.03:178][  0]LogDerivedDataCache: Unable to find inner node EnterprisePak for hierarchical cache Hierarchy.
[2020.08.11-15.34.03:179][  0]LogDerivedDataCache: Using Local data cache path C:/Users/PC/AppData/Local/UnrealEngine/Common/DerivedDataCache: Writable
[2020.08.11-15.34.03:179][  0]LogDerivedDataCache: Shared data cache path not found in *engine.ini, will not use an Shared cache.
[2020.08.11-15.34.03:179][  0]LogDerivedDataCache: Unable to find inner node Shared for hierarchical cache Hierarchy.
[2020.08.11-15.34.03:205][  0]LogMaterial: Verifying Global Shaders for PCD3D_SM5
[2020.08.11-15.34.03:208][  0]LogSlate: Using FreeType 2.10.0
[2020.08.11-15.34.03:209][  0]LogSlate: SlateFontServices - WITH_FREETYPE: 1, WITH_HARFBUZZ: 1
[2020.08.11-15.34.03:255][  0]LogAssetRegistry: FAssetRegistry took 0.0024 seconds to start up
[2020.08.11-15.34.03:545][  0]LogInit: Selected Device Profile: [Windows]
[2020.08.11-15.34.03:692][  0]LogMeshReduction: Using QuadricMeshReduction for automatic static mesh reduction
[2020.08.11-15.34.03:692][  0]LogMeshReduction: Using SimplygonMeshReduction for automatic skeletal mesh reduction
[2020.08.11-15.34.03:692][  0]LogMeshReduction: Using ProxyLODMeshReduction for automatic mesh merging
[2020.08.11-15.34.03:692][  0]LogMeshReduction: No distributed automatic mesh merging module available
[2020.08.11-15.34.03:692][  0]LogMeshMerging: No distributed automatic mesh merging module available
[2020.08.11-15.34.03:707][  0]LogNetVersion: Darchangel 1.0.0, NetCL: 10570792, EngineNetVer: 13, GameNetVer: 0 (Checksum: 2379080603)
[2020.08.11-15.34.04:735][  0]LogPackageLocalizationCache: Processed 10 localized package path(s) for 1 prioritized culture(s) in 0.054301 seconds
[2020.08.11-15.34.04:743][  0]LogUObjectArray: 46750 objects as part of root set at end of initial load.
[2020.08.11-15.34.04:743][  0]LogUObjectAllocator: 8137160 out of 0 bytes used by permanent object pool.
[2020.08.11-15.34.04:743][  0]LogUObjectArray: CloseDisregardForGC: 0/0 objects in disregard for GC pool
[2020.08.11-15.34.05:163][  0]LogTcpMessaging: Initializing TcpMessaging bridge
[2020.08.11-15.34.05:166][  0]LogUdpMessaging: Initializing bridge on interface 0.0.0.0:0 to multicast group 230.0.0.1:6666.
[2020.08.11-15.34.08:787][  0]LogBlueprint: Warning: [Compiler demonicForm_bp] SpawnActor Blessed Idol Indicator PH  was pruned because its Exec pin is not connected, the connected value is not available and will instead be read as default
[2020.08.11-15.34.11:510][  0]SourceControl: Source control is disabled
[2020.08.11-15.34.11:510][  0]SourceControl: Source control is disabled
[2020.08.11-15.34.11:511][  0]SourceControl: Source control is disabled
[2020.08.11-15.34.11:512][  0]SourceControl: Source control is disabled
[2020.08.11-15.34.11:512][  0]SourceControl: Source control is disabled
[2020.08.11-15.34.11:598][  0]LogAndroidPermission: UAndroidPermissionCallbackProxy::GetInstance
[2020.08.11-15.34.11:610][  0]LogAudioCaptureCore: Display: No Audio Capture implementations found. Audio input will be silent.
[2020.08.11-15.34.11:611][  0]LogAudioCaptureCore: Display: No Audio Capture implementations found. Audio input will be silent.
[2020.08.11-15.34.11:698][  0]LogOcInput: OculusInput pre-init called
[2020.08.11-15.34.11:705][  0]LogWindows: Failed to load 'OVRPlugin.dll' (GetLastError=126)
[2020.08.11-15.34.11:705][  0]LogWindows: File 'OVRPlugin.dll' does not exist
[2020.08.11-15.34.11:777][  0]LogEngine: Initializing Engine...
[2020.08.11-15.34.11:777][  0]LogHMD: Failed to initialize OpenVR with code 110
[2020.08.11-15.34.11:778][  0]LogStats: UGameplayTagsManager::InitializeManager -  0.000 s
[2020.08.11-15.34.12:115][  0]LogInit: Initializing FReadOnlyCVARCache
[2020.08.11-15.34.12:122][  0]LogAIModule: Creating AISystem for world Untitled
[2020.08.11-15.34.12:139][  0]LogAudioMixer: Display: Audio Mixer Platform Settings:
[2020.08.11-15.34.12:139][  0]LogAudioMixer: Display: 	Sample Rate:						  48000
[2020.08.11-15.34.12:139][  0]LogAudioMixer: Display: 	Callback Buffer Frame Size Requested: 1024
[2020.08.11-15.34.12:139][  0]LogAudioMixer: Display: 	Callback Buffer Frame Size To Use:	  1024
[2020.08.11-15.34.12:139][  0]LogAudioMixer: Display: 	Number of buffers to queue:			  2
[2020.08.11-15.34.12:139][  0]LogAudioMixer: Display: 	Max Channels (voices):				  32
[2020.08.11-15.34.12:139][  0]LogAudioMixer: Display: 	Number of Async Source Workers:		  0
[2020.08.11-15.34.12:139][  0]LogAudio: Display: AudioDevice MaxSources: 32
[2020.08.11-15.34.12:139][  0]LogAudio: Display: Using built-in audio occlusion.
[2020.08.11-15.34.12:140][  0]LogAudioMixer: Display: Initializing audio mixer.
[2020.08.11-15.34.12:166][  0]LogAudioMixer: Display: Audio Device Output Speaker Info:
[2020.08.11-15.34.12:166][  0]LogAudioMixer: Display: Name: Speakers (Realtek(R) Audio)
[2020.08.11-15.34.12:166][  0]LogAudioMixer: Display: Is Default: Yes
[2020.08.11-15.34.12:166][  0]LogAudioMixer: Display: Sample Rate: 48000
[2020.08.11-15.34.12:166][  0]LogAudioMixer: Display: Channel Count Used: 2
[2020.08.11-15.34.12:166][  0]LogAudioMixer: Display: Device Channel Count: 2
[2020.08.11-15.34.12:166][  0]LogAudioMixer: Display: Channel Order:
[2020.08.11-15.34.12:166][  0]LogAudioMixer: Display: 0: FrontLeft
[2020.08.11-15.34.12:166][  0]LogAudioMixer: Display: 1: FrontRight
[2020.08.11-15.34.12:208][  0]LogAudioMixer: Display: Using Audio Device Speakers (Realtek(R) Audio)
[2020.08.11-15.34.12:214][  0]LogInit: FAudioDevice initialized.
[2020.08.11-15.34.12:215][  0]LogNetVersion: Set ProjectVersion to 1.0.0.0. Version Checksum will be recalculated on next use.
[2020.08.11-15.34.12:363][  0]LogDerivedDataCache: Saved boot cache 0.15s 163MB C:/Users/PC/AppData/Local/UnrealEngine/4.24/DerivedDataCache/Boot.ddc.
[2020.08.11-15.34.12:368][  0]LogInit: Texture streaming: Enabled
[2020.08.11-15.34.12:379][  0]LogEngineSessionManager: EngineSessionManager initialized
[2020.08.11-15.34.12:379][  0]LogEditorSessionSummary: Verbose: Initializing EditorSessionSummaryWriter for editor session tracking
[2020.08.11-15.34.12:380][  0]LogEditorSessionSummary: EditorSessionSummaryWriter initialized
[2020.08.11-15.34.12:449][  0]LogInit: Transaction tracking system initialized
[2020.08.11-15.34.12:459][  0]BlueprintLog: New page: Editor Load
[2020.08.11-15.34.12:488][  0]LocalizationService: Localization service is disabled
[2020.08.11-15.34.12:819][  0]LogCook: Display: Max memory allowance for cook 16384mb min free memory 0mb
[2020.08.11-15.34.12:819][  0]LogCook: Display: Mobile HDR setting 1
[2020.08.11-15.34.12:896][  0]LogFileCache: Scanning file cache for directory 'C:/Users/PC/Desktop/Darchangel/Darchangel/Content/' took 0.03s
[2020.08.11-15.34.13:393][  0]SourceControl: Source control is disabled
[2020.08.11-15.34.13:393][  0]Cmd: MAP LOAD FILE="C:/Users/PC/Desktop/Darchangel/Darchangel/Content/Level/testing.umap" TEMPLATE=0 SHOWPROGRESS=1 FEATURELEVEL=3
[2020.08.11-15.34.13:394][  0]LightingResults: New page: Lighting Build
[2020.08.11-15.34.13:394][  0]LogWorld: UWorld::CleanupWorld for Untitled, bSessionEnded=true, bCleanupResources=true
[2020.08.11-15.34.13:394][  0]LogSlate: InvalidateAllWidgets triggered.  All widgets were invalidated
[2020.08.11-15.34.13:394][  0]MapCheck: New page: Map Check
[2020.08.11-15.34.13:394][  0]LightingResults: New page: Lighting Build
[2020.08.11-15.34.13:432][  0]LogUObjectHash: Compacting FUObjectHashTables data took   2.72ms
[2020.08.11-15.34.14:654][  0]LogAIModule: Creating AISystem for world testing
[2020.08.11-15.34.14:697][  0]LogScript: Warning: Script Msg: Divide by zero detected: 0.000000 / 0
Script call stack:
	Function /Game/ParagonGreystone/Characters/Heroes/Greystone/Greystone_AnimBlueprint.Greystone_AnimBlueprint_C:BlueprintUpdateAnimation
	Function /Game/ParagonGreystone/Characters/Heroes/Greystone/Greystone_AnimBlueprint.Greystone_AnimBlueprint_C:ExecuteUbergraph_Greystone_AnimBlueprint

[2020.08.11-15.34.14:707][  0]LogEditorServer: Finished looking for orphan Actors (0.000 secs)
[2020.08.11-15.34.14:707][  0]LogNavigation: Warning: Recreating dtNavMesh instance due to saved navmesh origin (X=-950.000 Y=0.000 Z=0.000, usually the RecastNavMesh location) not being aligned with tile size (988 uu) 
[2020.08.11-15.34.14:760][  0]LogUObjectHash: Compacting FUObjectHashTables data took   2.55ms
[2020.08.11-15.34.14:761][  0]Cmd: MAP CHECKDEP NOCLEARLOG
[2020.08.11-15.34.14:761][  0]MapCheck: Map check complete: 0 Error(s), 0 Warning(s), took 0.243ms to complete.
[2020.08.11-15.34.14:761][  0]LogFileHelpers: Loading map 'testing' took 1.368
[2020.08.11-15.34.15:037][  0]LogSlate: Updating window title bar state: overlay mode, drag disabled, window buttons hidden, title bar hidden
[2020.08.11-15.34.15:044][  0]LogSlate: Updating window title bar state: overlay mode, drag disabled, window buttons hidden, title bar hidden
[2020.08.11-15.34.15:051][  0]LogSlate: Updating window title bar state: overlay mode, drag disabled, window buttons hidden, title bar hidden
[2020.08.11-15.34.15:058][  0]LogSlate: Updating window title bar state: overlay mode, drag disabled, window buttons hidden, title bar hidden
[2020.08.11-15.34.15:089][  0]LogCollectionManager: Loaded 0 collections in 0.001121 seconds
[2020.08.11-15.34.15:117][  0]LogFileCache: Scanning file cache for directory 'C:/Users/PC/Desktop/Darchangel/Darchangel/Saved/Collections/' took 0.00s
[2020.08.11-15.34.15:117][  0]LogFileCache: Scanning file cache for directory 'C:/Users/PC/Desktop/Darchangel/Darchangel/Content/Developers/PC/Collections/' took 0.00s
[2020.08.11-15.34.15:117][  0]LogFileCache: Scanning file cache for directory 'C:/Users/PC/Desktop/Darchangel/Darchangel/Content/Collections/' took 0.00s
[2020.08.11-15.34.15:117][  0]LogContentBrowser: Native class hierarchy populated in 0.0097 seconds. Added 3033 classes and 719 folders.
[2020.08.11-15.34.15:144][  0]LogContentBrowser: Native class hierarchy updated for 'WidgetCarousel' in 0.0004 seconds. Added 0 classes and 0 folders.
[2020.08.11-15.34.16:492][  0]LogContentBrowser: Native class hierarchy updated for 'AddContentDialog' in 0.0005 seconds. Added 0 classes and 0 folders.
[2020.08.11-15.34.16:547][  0]LogContentBrowser: Native class hierarchy updated for 'SceneOutliner' in 0.0006 seconds. Added 2 classes and 3 folders.
[2020.08.11-15.34.17:203][  0]LogSlate: Took 0.000262 seconds to synchronously load lazily loaded font '../../../Engine/Content/Slate/Fonts/Roboto-Regular.ttf' (155K)
[2020.08.11-15.34.17:206][  0]LogSlate: Took 0.000115 seconds to synchronously load lazily loaded font '../../../Engine/Content/Slate/Fonts/Roboto-Bold.ttf' (160K)
[2020.08.11-15.34.17:220][  0]LogSlate: Took 0.009851 seconds to synchronously load lazily loaded font '../../../Engine/Content/Editor/Slate/Fonts/FontAwesome.ttf' (139K)
[2020.08.11-15.34.17:440][  0]LogRenderer: Reallocating scene render targets to support 1156x572 Format 10 NumSamples 1 (Frame:1).
[2020.08.11-15.34.17:642][  0]LogContentBrowser: Native class hierarchy updated for 'HierarchicalLODOutliner' in 0.0005 seconds. Added 0 classes and 0 folders.
[2020.08.11-15.34.17:642][  0]LogLoad: (Engine Initialization) Total time: 17.11 seconds
[2020.08.11-15.34.17:642][  0]LogLoad: (Engine Initialization) Total Blueprint compile time: 0.00 seconds
[2020.08.11-15.34.17:721][  0]LogContentStreaming: Texture pool size now 1000 MB
[2020.08.11-15.34.17:839][  0]LogSlate: Took 0.012610 seconds to synchronously load lazily loaded font '../../../Engine/Content/Slate/Fonts/Roboto-Light.ttf' (167K)
[2020.08.11-15.34.18:022][  2]LogAssetRegistry: Asset discovery search completed in 14.7683 seconds
[2020.08.11-15.34.18:026][  2]LogCollectionManager: Fixed up redirectors for 0 collections in 0.000006 seconds (updated 0 objects)
[2020.08.11-15.34.22:103][430]LogTemp: Repeating last play command: Selected Viewport
[2020.08.11-15.34.22:119][430]LogBlueprintUserMessages: Early PlayInEditor Detection: Level '/Game/Level/testing.testing:PersistentLevel' has LevelScriptBlueprint '/Game/Level/testing.testing:PersistentLevel.testing' with GeneratedClass '/Game/Level/testing.testing_C' with ClassGeneratedBy '/Game/Level/testing.testing:PersistentLevel.testing'
[2020.08.11-15.34.22:141][430]LogPlayLevel: PlayLevel: No blueprints needed recompiling
[2020.08.11-15.34.22:165][430]PIE: New page: PIE session: testing (Aug 12, 2020, 7:34:22 AM)
[2020.08.11-15.34.22:166][430]LogOnline: OSS: Creating online subsystem instance for: NULL
[2020.08.11-15.34.22:168][430]LogOnline: OSS: TryLoadSubsystemAndSetDefault: Loaded subsystem for module [NULL]
[2020.08.11-15.34.22:168][430]LogPlayLevel: Creating play world package: /Game/Level/UEDPIE_0_testing
[2020.08.11-15.34.22:218][430]LogPlayLevel: PIE: StaticDuplicateObject took: (0.049509s)
[2020.08.11-15.34.22:219][430]LogAIModule: Creating AISystem for world testing
[2020.08.11-15.34.22:219][430]LogPlayLevel: PIE: World Init took: (0.001349s)
[2020.08.11-15.34.22:219][430]LogPlayLevel: PIE: Created PIE world by copying editor world from /Game/Level/testing.testing to /Game/Level/UEDPIE_0_testing.testing (0.051375s)
[2020.08.11-15.34.22:258][430]LogUObjectHash: Compacting FUObjectHashTables data took   1.90ms
[2020.08.11-15.34.22:260][430]LogAudioMixer: Display: Audio Mixer Platform Settings:
[2020.08.11-15.34.22:260][430]LogAudioMixer: Display: 	Sample Rate:						  48000
[2020.08.11-15.34.22:260][430]LogAudioMixer: Display: 	Callback Buffer Frame Size Requested: 1024
[2020.08.11-15.34.22:260][430]LogAudioMixer: Display: 	Callback Buffer Frame Size To Use:	  1024
[2020.08.11-15.34.22:260][430]LogAudioMixer: Display: 	Number of buffers to queue:			  2
[2020.08.11-15.34.22:260][430]LogAudioMixer: Display: 	Max Channels (voices):				  32
[2020.08.11-15.34.22:260][430]LogAudioMixer: Display: 	Number of Async Source Workers:		  0
[2020.08.11-15.34.22:260][430]LogAudio: Display: AudioDevice MaxSources: 32
[2020.08.11-15.34.22:261][430]LogAudio: Display: Using built-in audio occlusion.
[2020.08.11-15.34.22:261][430]LogAudioMixer: Display: Initializing audio mixer.
[2020.08.11-15.34.22:281][430]LogAudioMixer: Display: Audio Device Output Speaker Info:
[2020.08.11-15.34.22:281][430]LogAudioMixer: Display: Name: Speakers (Realtek(R) Audio)
[2020.08.11-15.34.22:281][430]LogAudioMixer: Display: Is Default: Yes
[2020.08.11-15.34.22:281][430]LogAudioMixer: Display: Sample Rate: 48000
[2020.08.11-15.34.22:281][430]LogAudioMixer: Display: Channel Count Used: 2
[2020.08.11-15.34.22:281][430]LogAudioMixer: Display: Device Channel Count: 2
[2020.08.11-15.34.22:281][430]LogAudioMixer: Display: Channel Order:
[2020.08.11-15.34.22:281][430]LogAudioMixer: Display: 0: FrontLeft
[2020.08.11-15.34.22:281][430]LogAudioMixer: Display: 1: FrontRight
[2020.08.11-15.34.22:298][430]LogAudioMixer: Display: Using Audio Device Speakers (Realtek(R) Audio)
[2020.08.11-15.34.22:299][430]LogInit: FAudioDevice initialized.
[2020.08.11-15.34.22:330][430]LogLoad: Game class is 'MainCharacter_gm_bp_C'
[2020.08.11-15.34.22:339][430]LogScript: Warning: Script Msg: Divide by zero detected: 0.000000 / 0
Script call stack:
	Function /Game/ParagonGreystone/Characters/Heroes/Greystone/Greystone_AnimBlueprint.Greystone_AnimBlueprint_C:BlueprintUpdateAnimation
	Function /Game/ParagonGreystone/Characters/Heroes/Greystone/Greystone_AnimBlueprint.Greystone_AnimBlueprint_C:ExecuteUbergraph_Greystone_AnimBlueprint

[2020.08.11-15.34.22:341][430]LogWorld: Bringing World /Game/Level/UEDPIE_0_testing.testing up for play (max tick rate 0) at 2020.08.11-23.34.22
[2020.08.11-15.34.22:351][430]LogWorld: Bringing up level for play took: 0.019639
[2020.08.11-15.34.22:352][430]LogOnline: OSS: Creating online subsystem instance for: :Context_2
[2020.08.11-15.34.22:354][430]LogContentBrowser: Native class hierarchy updated for 'MovieSceneCapture' in 0.0005 seconds. Added 20 classes and 0 folders.
[2020.08.11-15.34.22:355][430]LogGameMode: Display: Match State Changed from EnteringMap to WaitingToStart
[2020.08.11-15.34.22:355][430]LogGameState: Match State Changed from EnteringMap to WaitingToStart
[2020.08.11-15.34.22:355][430]LogGameMode: Display: Match State Changed from WaitingToStart to InProgress
[2020.08.11-15.34.22:355][430]LogScript: Warning: Script Msg: Divide by zero detected: -55.466980 / 0
Script call stack:
	Function /Game/ParagonGreystone/Characters/Heroes/Greystone/Greystone_AnimBlueprint.Greystone_AnimBlueprint_C:BlueprintUpdateAnimation
	Function /Game/ParagonGreystone/Characters/Heroes/Greystone/Greystone_AnimBlueprint.Greystone_AnimBlueprint_C:ExecuteUbergraph_Greystone_AnimBlueprint

[2020.08.11-15.34.22:367][430]LogGameState: Match State Changed from WaitingToStart to InProgress
[2020.08.11-15.34.22:367][430]PIE: Play in editor start time for /Game/Level/UEDPIE_0_testing -0.418
[2020.08.11-15.34.22:367][430]LogBlueprintUserMessages: Late PlayInEditor Detection: Level '/Game/Level/testing.testing:PersistentLevel' has LevelScriptBlueprint '/Game/Level/testing.testing:PersistentLevel.testing' with GeneratedClass '/Game/Level/testing.testing_C' with ClassGeneratedBy '/Game/Level/testing.testing:PersistentLevel.testing'
[2020.08.11-15.34.22:979][493]LogBlueprintUserMessages: [testing_C_1] 1
[2020.08.11-15.34.23:372][540]LogCharacterMovement: NPC_BP4_8 is stuck and failed to move! Velocity: X=-221.16 Y=557.75 Z=0.00 Location: X=-2389.72 Y=1698.96 Z=90.04 Normal: X=0.45 Y=-0.78 Z=-0.44 PenetrationDepth:0.000 Actor:NPC_BP3_5 Component:CharacterMesh0 BoneName:hand_r (0 other events since notify)
[2020.08.11-15.34.25:026][736]LogParticles: Warning: Particle Notify: Particle system is null for particle notify 'PlayParticleEffect' in anim: '/Game/ParagonGreystone/Characters/Heroes/Greystone/Animations/LevelStart_Montage.LevelStart_Montage'
[2020.08.11-15.34.25:026][736]LogParticles: Warning: Particle Notify: Particle system is null for particle notify 'PlayParticleEffect' in anim: '/Game/ParagonGreystone/Characters/Heroes/Greystone/Animations/LevelStart_Montage.LevelStart_Montage'
[2020.08.11-15.34.28:549][152]LogCharacterMovement: NPC_BP3_5 is stuck and failed to move! Velocity: X=166.97 Y=-341.86 Z=0.00 Location: X=-1546.22 Y=1757.90 Z=99.66 Normal: X=-0.90 Y=0.43 Z=-0.09 PenetrationDepth:0.000 Actor:demonicForm_bp_C_0 Component:HideCollider BoneName:None (0 other events since notify)
[2020.08.11-15.34.29:392][251]LogAnimMontage: Warning: JumpToSectionName Attack_PrimaryA bEndOfSection: 0 failed for Montage Attack_PrimaryA_Montage
[2020.08.11-15.34.31:059][449]LogCharacterMovement: NPC_BP3_5 is stuck and failed to move! Velocity: X=192.38 Y=26.70 Z=0.00 Location: X=-1303.85 Y=2220.99 Z=89.60 Normal: X=-0.95 Y=0.02 Z=-0.30 PenetrationDepth:0.000 Actor:demonicForm_bp_C_0 Component:HideCollider BoneName:None (0 other events since notify)
[2020.08.11-15.34.32:260][591]LogCharacterMovement: NPC_BP3_5 is stuck and failed to move! Velocity: X=-187.91 Y=-335.33 Z=0.00 Location: X=-1204.29 Y=2600.85 Z=88.15 Normal: X=-0.56 Y=0.65 Z=-0.51 PenetrationDepth:5.618 Actor:NPC_BP2_2 Component:RightFistCollisionBox BoneName:None (2 other events since notify)
[2020.08.11-15.34.36:703][111]LogAnimMontage: Warning: JumpToSectionName Attack_PrimaryB bEndOfSection: 0 failed for Montage Attack_PrimaryB_Montage
[2020.08.11-15.34.36:807][121]LogScript: Warning: Attempted to access wallSpawnedIndicator_bp_C_3 via property CallFunc_FinishSpawningActor_ReturnValue_5, but wallSpawnedIndicator_bp_C_3 is pending kill
	demonicForm_bp_C /Game/Level/UEDPIE_0_testing.testing:PersistentLevel.demonicForm_bp_C_0
	Function /Game/Blueprint/demonicForm_bp.demonicForm_bp_C:ExecuteUbergraph_demonicForm_bp:01F0
[2020.08.11-15.34.36:807][121]PIE: Error: Blueprint Runtime Error: "Attempted to access wallSpawnedIndicator_bp_C_3 via property CallFunc_FinishSpawningActor_ReturnValue_5, but wallSpawnedIndicator_bp_C_3 is pending kill". Blueprint:  demonicForm_bp Function:  Execute Ubergraph Demonic Form Bp Graph:  EventGraph Node:  SetActorLocation
[2020.08.11-15.34.36:890][131]LogScript: Warning: Attempted to access wallSpawnedIndicator_bp_C_3 via property CallFunc_FinishSpawningActor_ReturnValue_5, but wallSpawnedIndicator_bp_C_3 is pending kill
	demonicForm_bp_C /Game/Level/UEDPIE_0_testing.testing:PersistentLevel.demonicForm_bp_C_0
	Function /Game/Blueprint/demonicForm_bp.demonicForm_bp_C:ExecuteUbergraph_demonicForm_bp:01F0
[2020.08.11-15.34.36:891][131]PIE: Error: Blueprint Runtime Error: "Attempted to access wallSpawnedIndicator_bp_C_3 via property CallFunc_FinishSpawningActor_ReturnValue_5, but wallSpawnedIndicator_bp_C_3 is pending kill". Blueprint:  demonicForm_bp Function:  Execute Ubergraph Demonic Form Bp Graph:  EventGraph Node:  SetActorLocation
[2020.08.11-15.34.36:994][143]LogScript: Warning: Attempted to access wallSpawnedIndicator_bp_C_3 via property CallFunc_FinishSpawningActor_ReturnValue_5, but wallSpawnedIndicator_bp_C_3 is pending kill
	demonicForm_bp_C /Game/Level/UEDPIE_0_testing.testing:PersistentLevel.demonicForm_bp_C_0
	Function /Game/Blueprint/demonicForm_bp.demonicForm_bp_C:ExecuteUbergraph_demonicForm_bp:01F0
[2020.08.11-15.34.36:994][143]PIE: Error: Blueprint Runtime Error: "Attempted to access wallSpawnedIndicator_bp_C_3 via property CallFunc_FinishSpawningActor_ReturnValue_5, but wallSpawnedIndicator_bp_C_3 is pending kill". Blueprint:  demonicForm_bp Function:  Execute Ubergraph Demonic Form Bp Graph:  EventGraph Node:  SetActorLocation
[2020.08.11-15.34.37:099][155]LogScript: Warning: Attempted to access wallSpawnedIndicator_bp_C_3 via property CallFunc_FinishSpawningActor_ReturnValue_5, but wallSpawnedIndicator_bp_C_3 is pending kill
	demonicForm_bp_C /Game/Level/UEDPIE_0_testing.testing:PersistentLevel.demonicForm_bp_C_0
	Function /Game/Blueprint/demonicForm_bp.demonicForm_bp_C:ExecuteUbergraph_demonicForm_bp:01F0
[2020.08.11-15.34.37:100][155]PIE: Error: Blueprint Runtime Error: "Attempted to access wallSpawnedIndicator_bp_C_3 via property CallFunc_FinishSpawningActor_ReturnValue_5, but wallSpawnedIndicator_bp_C_3 is pending kill". Blueprint:  demonicForm_bp Function:  Execute Ubergraph Demonic Form Bp Graph:  EventGraph Node:  SetActorLocation
[2020.08.11-15.34.37:185][165]LogScript: Warning: Attempted to access wallSpawnedIndicator_bp_C_3 via property CallFunc_FinishSpawningActor_ReturnValue_5, but wallSpawnedIndicator_bp_C_3 is pending kill
	demonicForm_bp_C /Game/Level/UEDPIE_0_testing.testing:PersistentLevel.demonicForm_bp_C_0
	Function /Game/Blueprint/demonicForm_bp.demonicForm_bp_C:ExecuteUbergraph_demonicForm_bp:18D7
[2020.08.11-15.34.37:185][165]PIE: Error: Blueprint Runtime Error: "Attempted to access wallSpawnedIndicator_bp_C_3 via property CallFunc_FinishSpawningActor_ReturnValue_5, but wallSpawnedIndicator_bp_C_3 is pending kill". Blueprint:  demonicForm_bp Function:  Execute Ubergraph Demonic Form Bp Graph:  EventGraph Node:  DestroyActor
[2020.08.11-15.34.37:714][228]LogAnimMontage: Warning: JumpToSectionName Attack_PrimaryC bEndOfSection: 0 failed for Montage Attack_PrimaryC_Montage
[2020.08.11-15.34.37:723][229]LogScript: Warning: Attempted to access wallSpawnedIndicator_bp_C_4 via property CallFunc_FinishSpawningActor_ReturnValue_5, but wallSpawnedIndicator_bp_C_4 is pending kill
	demonicForm_bp_C /Game/Level/UEDPIE_0_testing.testing:PersistentLevel.demonicForm_bp_C_0
	Function /Game/Blueprint/demonicForm_bp.demonicForm_bp_C:ExecuteUbergraph_demonicForm_bp:01F0
[2020.08.11-15.34.37:723][229]PIE: Error: Blueprint Runtime Error: "Attempted to access wallSpawnedIndicator_bp_C_4 via property CallFunc_FinishSpawningActor_ReturnValue_5, but wallSpawnedIndicator_bp_C_4 is pending kill". Blueprint:  demonicForm_bp Function:  Execute Ubergraph Demonic Form Bp Graph:  EventGraph Node:  SetActorLocation
[2020.08.11-15.34.37:822][241]LogScript: Warning: Attempted to access wallSpawnedIndicator_bp_C_4 via property CallFunc_FinishSpawningActor_ReturnValue_5, but wallSpawnedIndicator_bp_C_4 is pending kill
	demonicForm_bp_C /Game/Level/UEDPIE_0_testing.testing:PersistentLevel.demonicForm_bp_C_0
	Function /Game/Blueprint/demonicForm_bp.demonicForm_bp_C:ExecuteUbergraph_demonicForm_bp:01F0
[2020.08.11-15.34.37:823][241]PIE: Error: Blueprint Runtime Error: "Attempted to access wallSpawnedIndicator_bp_C_4 via property CallFunc_FinishSpawningActor_ReturnValue_5, but wallSpawnedIndicator_bp_C_4 is pending kill". Blueprint:  demonicForm_bp Function:  Execute Ubergraph Demonic Form Bp Graph:  EventGraph Node:  SetActorLocation
[2020.08.11-15.34.37:924][253]LogScript: Warning: Attempted to access wallSpawnedIndicator_bp_C_4 via property CallFunc_FinishSpawningActor_ReturnValue_5, but wallSpawnedIndicator_bp_C_4 is pending kill
	demonicForm_bp_C /Game/Level/UEDPIE_0_testing.testing:PersistentLevel.demonicForm_bp_C_0
	Function /Game/Blueprint/demonicForm_bp.demonicForm_bp_C:ExecuteUbergraph_demonicForm_bp:01F0
[2020.08.11-15.34.37:924][253]PIE: Error: Blueprint Runtime Error: "Attempted to access wallSpawnedIndicator_bp_C_4 via property CallFunc_FinishSpawningActor_ReturnValue_5, but wallSpawnedIndicator_bp_C_4 is pending kill". Blueprint:  demonicForm_bp Function:  Execute Ubergraph Demonic Form Bp Graph:  EventGraph Node:  SetActorLocation
[2020.08.11-15.34.38:002][262]LogScript: Warning: Attempted to access wallSpawnedIndicator_bp_C_4 via property CallFunc_FinishSpawningActor_ReturnValue_5, but wallSpawnedIndicator_bp_C_4 is pending kill
	demonicForm_bp_C /Game/Level/UEDPIE_0_testing.testing:PersistentLevel.demonicForm_bp_C_0
	Function /Game/Blueprint/demonicForm_bp.demonicForm_bp_C:ExecuteUbergraph_demonicForm_bp:18D7
[2020.08.11-15.34.38:003][262]PIE: Error: Blueprint Runtime Error: "Attempted to access wallSpawnedIndicator_bp_C_4 via property CallFunc_FinishSpawningActor_ReturnValue_5, but wallSpawnedIndicator_bp_C_4 is pending kill". Blueprint:  demonicForm_bp Function:  Execute Ubergraph Demonic Form Bp Graph:  EventGraph Node:  DestroyActor
[2020.08.11-15.34.42:152][429]LogWindows: Error: === Critical error: ===
[2020.08.11-15.34.42:152][429]LogWindows: Error: 
[2020.08.11-15.34.42:152][429]LogWindows: Error: Fatal error!
[2020.08.11-15.34.42:152][429]LogWindows: Error: 
[2020.08.11-15.34.42:152][429]LogWindows: Error: Unhandled Exception: EXCEPTION_ACCESS_VIOLATION reading address 0x00000148
[2020.08.11-15.34.42:152][429]LogWindows: Error: 
[2020.08.11-15.34.42:152][429]LogWindows: Error: [Callstack] 0x00007ffdaee89c69 UE4Editor-Darchangel-7036.dll!UFindPlayerLocation::ExecuteTask() [C:\Users\PC\Desktop\Darchangel\Darchangel\Source\Darchangel\FindPlayerLocation.cpp:26]
[2020.08.11-15.34.42:152][429]LogWindows: Error: [Callstack] 0x00007ffdb8d80bf6 UE4Editor-AIModule.dll!UnknownFunction []
[2020.08.11-15.34.42:152][429]LogWindows: Error: [Callstack] 0x00007ffdb8d9aa4f UE4Editor-AIModule.dll!UnknownFunction []
[2020.08.11-15.34.42:152][429]LogWindows: Error: [Callstack] 0x00007ffdb8dafdda UE4Editor-AIModule.dll!UnknownFunction []
[2020.08.11-15.34.42:152][429]LogWindows: Error: [Callstack] 0x00007ffdc4361cc8 UE4Editor-Engine.dll!UnknownFunction []
[2020.08.11-15.34.42:152][429]LogWindows: Error: [Callstack] 0x00007ffdc4392c74 UE4Editor-Engine.dll!UnknownFunction []
[2020.08.11-15.34.42:152][429]LogWindows: Error: [Callstack] 0x00007ffdc5107223 UE4Editor-Engine.dll!UnknownFunction []
[2020.08.11-15.34.42:152][429]LogWindows: Error: [Callstack] 0x00007ffdc5115256 UE4Editor-Engine.dll!UnknownFunction []
[2020.08.11-15.34.42:152][429]LogWindows: Error: [Callstack] 0x00007ffdcfc89ff2 UE4Editor-Core.dll!UnknownFunction []
[2020.08.11-15.34.42:152][429]LogWindows: Error: [Callstack] 0x00007ffdcfc8a2aa UE4Editor-Core.dll!UnknownFunction []
[2020.08.11-15.34.42:152][429]LogWindows: Error: [Callstack] 0x00007ffdc51336ad UE4Editor-Engine.dll!UnknownFunction []
[2020.08.11-15.34.42:152][429]LogWindows: Error: [Callstack] 0x00007ffdc51397c2 UE4Editor-Engine.dll!UnknownFunction []
[2020.08.11-15.34.42:152][429]LogWindows: Error: [Callstack] 0x00007ffdc48ba25f UE4Editor-Engine.dll!UnknownFunction []
[2020.08.11-15.34.42:152][429]LogWindows: Error: [Callstack] 0x00007ffdc48c590e UE4Editor-Engine.dll!UnknownFunction []
[2020.08.11-15.34.42:152][429]LogWindows: Error: [Callstack] 0x00007ffdc2a5ad60 UE4Editor-UnrealEd.dll!UnknownFunction []
[2020.08.11-15.34.42:152][429]LogWindows: Error: [Callstack] 0x00007ffdc32be476 UE4Editor-UnrealEd.dll!UnknownFunction []
[2020.08.11-15.34.42:152][429]LogWindows: Error: [Callstack] 0x00007ff6df547f62 UE4Editor.exe!UnknownFunction []
[2020.08.11-15.34.42:152][429]LogWindows: Error: [Callstack] 0x00007ff6df55c3ec UE4Editor.exe!UnknownFunction []
[2020.08.11-15.34.42:152][429]LogWindows: Error: [Callstack] 0x00007ff6df55c4ca UE4Editor.exe!UnknownFunction []
[2020.08.11-15.34.42:152][429]LogWindows: Error: [Callstack] 0x00007ff6df56ceae UE4Editor.exe!UnknownFunction []
[2020.08.11-15.34.42:152][429]LogWindows: Error: [Callstack] 0x00007ff6df56fcbe UE4Editor.exe!UnknownFunction []
[2020.08.11-15.34.42:152][429]LogWindows: Error: [Callstack] 0x00007ffe215b6fd4 KERNEL32.DLL!UnknownFunction []
[2020.08.11-15.34.42:152][429]LogWindows: Error: [Callstack] 0x00007ffe22a3cec1 ntdll.dll!UnknownFunction []
[2020.08.11-15.34.42:152][429]LogWindows: Error: 
[2020.08.11-15.34.42:175][429]LogExit: Executing StaticShutdownAfterError
[2020.08.11-15.34.42:179][429]LogWindows: FPlatformMisc::RequestExit(1)
[2020.08.11-15.34.42:179][429]LogCore: Engine exit requested (reason: Win RequestExit)
[2020.08.11-15.34.42:196][429]Log file closed, 08/11/20 23:34:42
